<?xml version="1.0" encoding="UTF-8"?>
<testng-results ignored="0" total="1" passed="1" failed="0" skipped="0">
  <reporter-output>
  </reporter-output>
  <suite started-at="2024-02-06T14:51:07 IST" name="Surefire suite" finished-at="2024-02-06T14:51:07 IST" duration-ms="108">
    <groups>
    </groups>
    <test started-at="2024-02-06T14:51:07 IST" name="Surefire test" finished-at="2024-02-06T14:51:07 IST" duration-ms="108">
      <class name="mavenProject1.mavenProjectTest2.AppTest">
        <test-method signature="shouldAnswerWithTrue()" started-at="2024-02-06T14:51:07 IST" name="shouldAnswerWithTrue" finished-at="2024-02-06T14:51:07 IST" duration-ms="12" status="PASS">
          <reporter-output>
          </reporter-output>
        </test-method> <!-- shouldAnswerWithTrue -->
      </class> <!-- mavenProject1.mavenProjectTest2.AppTest -->
    </test> <!-- Surefire test -->
  </suite> <!-- Surefire suite -->
</testng-results>
